[2018-04-07 00:04:39,347 : INFO : run.py : 41 :             <module>() ] Main started
[2018-04-07 00:04:39,973 : INFO : player.py : 32 :             __init__() ] Player instance
[2018-04-07 00:04:41,814 : INFO : bullet.py : 25 :             __init__() ] Bullet instance
[2018-04-07 00:04:41,814 : DEBUG : game_functions.py : 34 : check_keydown_events() ] Shoot bullet
[2018-04-07 00:04:43,501 : INFO : bullet.py : 25 :             __init__() ] Bullet instance
[2018-04-07 00:04:43,502 : DEBUG : game_functions.py : 34 : check_keydown_events() ] Shoot bullet
[2018-04-07 00:04:46,206 : DEBUG : game_functions.py : 28 : check_keydown_events() ] move left
[2018-04-07 00:04:47,422 : DEBUG : game_functions.py : 25 : check_keydown_events() ] move right
[2018-04-07 00:04:48,341 : DEBUG : game_functions.py : 40 : check_keydown_events() ] Move top
[2018-04-07 00:04:49,365 : DEBUG : game_functions.py : 43 : check_keydown_events() ] Move bottom
[2018-04-07 00:04:51,062 : DEBUG : game_functions.py : 43 : check_keydown_events() ] Move bottom
[2018-04-07 00:04:51,797 : DEBUG : game_functions.py : 28 : check_keydown_events() ] move left
[2018-04-07 00:04:52,254 : INFO : bullet.py : 25 :             __init__() ] Bullet instance
[2018-04-07 00:04:52,254 : DEBUG : game_functions.py : 34 : check_keydown_events() ] Shoot bullet
[2018-04-07 00:04:52,518 : INFO : bullet.py : 25 :             __init__() ] Bullet instance
[2018-04-07 00:04:52,518 : DEBUG : game_functions.py : 34 : check_keydown_events() ] Shoot bullet
[2018-04-07 00:04:53,078 : DEBUG : game_functions.py : 25 : check_keydown_events() ] move right
[2018-04-07 00:04:53,326 : INFO : bullet.py : 25 :             __init__() ] Bullet instance
[2018-04-07 00:04:53,327 : DEBUG : game_functions.py : 34 : check_keydown_events() ] Shoot bullet
[2018-04-07 00:04:53,518 : INFO : bullet.py : 25 :             __init__() ] Bullet instance
[2018-04-07 00:04:53,519 : DEBUG : game_functions.py : 34 : check_keydown_events() ] Shoot bullet
[2018-04-07 00:04:53,973 : DEBUG : game_functions.py : 40 : check_keydown_events() ] Move top
[2018-04-07 00:04:54,366 : DEBUG : game_functions.py : 25 : check_keydown_events() ] move right
[2018-04-07 00:04:54,709 : INFO : bullet.py : 25 :             __init__() ] Bullet instance
[2018-04-07 00:04:54,710 : DEBUG : game_functions.py : 34 : check_keydown_events() ] Shoot bullet
[2018-04-07 00:04:55,053 : DEBUG : game_functions.py : 25 : check_keydown_events() ] move right
[2018-04-07 00:04:55,438 : DEBUG : game_functions.py : 40 : check_keydown_events() ] Move top
[2018-04-07 00:04:55,989 : DEBUG : game_functions.py : 43 : check_keydown_events() ] Move bottom
[2018-04-07 00:04:56,333 : DEBUG : game_functions.py : 28 : check_keydown_events() ] move left
[2018-04-07 00:04:56,501 : INFO : bullet.py : 25 :             __init__() ] Bullet instance
[2018-04-07 00:04:56,501 : DEBUG : game_functions.py : 34 : check_keydown_events() ] Shoot bullet
[2018-04-07 00:04:56,693 : INFO : bullet.py : 25 :             __init__() ] Bullet instance
[2018-04-07 00:04:56,694 : DEBUG : game_functions.py : 34 : check_keydown_events() ] Shoot bullet
[2018-04-07 00:04:56,752 : DEBUG : game_functions.py : 28 : check_keydown_events() ] move left
[2018-04-07 00:04:56,990 : DEBUG : game_functions.py : 28 : check_keydown_events() ] move left
[2018-04-07 00:04:57,158 : INFO : bullet.py : 25 :             __init__() ] Bullet instance
[2018-04-07 00:04:57,159 : DEBUG : game_functions.py : 34 : check_keydown_events() ] Shoot bullet
[2018-04-07 00:04:57,181 : DEBUG : game_functions.py : 28 : check_keydown_events() ] move left
[2018-04-07 00:04:58,454 : DEBUG : game_functions.py : 40 : check_keydown_events() ] Move top
[2018-04-07 00:04:58,806 : INFO : bullet.py : 25 :             __init__() ] Bullet instance
[2018-04-07 00:04:58,806 : DEBUG : game_functions.py : 34 : check_keydown_events() ] Shoot bullet
[2018-04-07 00:04:59,245 : DEBUG : game_functions.py : 25 : check_keydown_events() ] move right
[2018-04-07 00:04:59,494 : INFO : bullet.py : 25 :             __init__() ] Bullet instance
[2018-04-07 00:04:59,494 : DEBUG : game_functions.py : 34 : check_keydown_events() ] Shoot bullet
[2018-04-07 00:04:59,862 : DEBUG : game_functions.py : 25 : check_keydown_events() ] move right
[2018-04-07 00:05:00,062 : INFO : bullet.py : 25 :             __init__() ] Bullet instance
[2018-04-07 00:05:00,062 : DEBUG : game_functions.py : 34 : check_keydown_events() ] Shoot bullet
[2018-04-07 00:05:02,718 : INFO : bullet.py : 25 :             __init__() ] Bullet instance
[2018-04-07 00:05:02,718 : DEBUG : game_functions.py : 34 : check_keydown_events() ] Shoot bullet
[2018-04-07 00:05:02,926 : INFO : bullet.py : 25 :             __init__() ] Bullet instance
[2018-04-07 00:05:02,926 : DEBUG : game_functions.py : 34 : check_keydown_events() ] Shoot bullet
[2018-04-07 00:05:03,117 : INFO : bullet.py : 25 :             __init__() ] Bullet instance
[2018-04-07 00:05:03,118 : DEBUG : game_functions.py : 34 : check_keydown_events() ] Shoot bullet
[2018-04-07 00:05:03,326 : INFO : bullet.py : 25 :             __init__() ] Bullet instance
[2018-04-07 00:05:03,326 : DEBUG : game_functions.py : 34 : check_keydown_events() ] Shoot bullet
[2018-04-07 00:05:03,518 : INFO : bullet.py : 25 :             __init__() ] Bullet instance
[2018-04-07 00:05:03,518 : DEBUG : game_functions.py : 34 : check_keydown_events() ] Shoot bullet
[2018-04-07 00:05:03,750 : INFO : bullet.py : 25 :             __init__() ] Bullet instance
[2018-04-07 00:05:03,750 : DEBUG : game_functions.py : 34 : check_keydown_events() ] Shoot bullet
[2018-04-07 00:05:03,957 : INFO : bullet.py : 25 :             __init__() ] Bullet instance
[2018-04-07 00:05:03,958 : DEBUG : game_functions.py : 34 : check_keydown_events() ] Shoot bullet
[2018-04-07 00:05:04,158 : INFO : bullet.py : 25 :             __init__() ] Bullet instance
[2018-04-07 00:05:04,158 : DEBUG : game_functions.py : 34 : check_keydown_events() ] Shoot bullet
[2018-04-07 00:05:04,374 : INFO : bullet.py : 25 :             __init__() ] Bullet instance
[2018-04-07 00:05:04,374 : DEBUG : game_functions.py : 34 : check_keydown_events() ] Shoot bullet
[2018-04-07 00:05:04,581 : INFO : bullet.py : 25 :             __init__() ] Bullet instance
[2018-04-07 00:05:04,582 : DEBUG : game_functions.py : 34 : check_keydown_events() ] Shoot bullet
[2018-04-07 00:05:04,806 : INFO : bullet.py : 25 :             __init__() ] Bullet instance
[2018-04-07 00:05:04,807 : DEBUG : game_functions.py : 34 : check_keydown_events() ] Shoot bullet
[2018-04-07 00:05:05,022 : INFO : bullet.py : 25 :             __init__() ] Bullet instance
[2018-04-07 00:05:05,022 : DEBUG : game_functions.py : 34 : check_keydown_events() ] Shoot bullet
[2018-04-07 00:05:05,254 : INFO : bullet.py : 25 :             __init__() ] Bullet instance
[2018-04-07 00:05:05,254 : DEBUG : game_functions.py : 34 : check_keydown_events() ] Shoot bullet
[2018-04-07 00:05:05,477 : INFO : bullet.py : 25 :             __init__() ] Bullet instance
[2018-04-07 00:05:05,478 : DEBUG : game_functions.py : 34 : check_keydown_events() ] Shoot bullet
[2018-04-07 00:05:05,686 : INFO : bullet.py : 25 :             __init__() ] Bullet instance
[2018-04-07 00:05:05,687 : DEBUG : game_functions.py : 34 : check_keydown_events() ] Shoot bullet
[2018-04-07 00:05:05,925 : INFO : bullet.py : 25 :             __init__() ] Bullet instance
[2018-04-07 00:05:05,926 : DEBUG : game_functions.py : 34 : check_keydown_events() ] Shoot bullet
[2018-04-07 00:05:06,134 : INFO : bullet.py : 25 :             __init__() ] Bullet instance
[2018-04-07 00:05:06,134 : DEBUG : game_functions.py : 34 : check_keydown_events() ] Shoot bullet
[2018-04-07 00:05:06,359 : INFO : bullet.py : 25 :             __init__() ] Bullet instance
[2018-04-07 00:05:06,359 : DEBUG : game_functions.py : 34 : check_keydown_events() ] Shoot bullet
[2018-04-07 00:05:06,590 : INFO : bullet.py : 25 :             __init__() ] Bullet instance
[2018-04-07 00:05:06,590 : DEBUG : game_functions.py : 34 : check_keydown_events() ] Shoot bullet
[2018-04-07 00:05:06,822 : INFO : bullet.py : 25 :             __init__() ] Bullet instance
[2018-04-07 00:05:06,822 : DEBUG : game_functions.py : 34 : check_keydown_events() ] Shoot bullet
[2018-04-07 00:05:07,061 : INFO : bullet.py : 25 :             __init__() ] Bullet instance
[2018-04-07 00:05:07,061 : DEBUG : game_functions.py : 34 : check_keydown_events() ] Shoot bullet
[2018-04-07 00:05:07,310 : INFO : bullet.py : 25 :             __init__() ] Bullet instance
[2018-04-07 00:05:07,311 : DEBUG : game_functions.py : 34 : check_keydown_events() ] Shoot bullet
[2018-04-07 00:05:07,512 : INFO : bullet.py : 25 :             __init__() ] Bullet instance
[2018-04-07 00:05:07,512 : DEBUG : game_functions.py : 34 : check_keydown_events() ] Shoot bullet
[2018-04-07 00:05:07,741 : INFO : bullet.py : 25 :             __init__() ] Bullet instance
[2018-04-07 00:05:07,742 : DEBUG : game_functions.py : 34 : check_keydown_events() ] Shoot bullet
[2018-04-07 00:05:07,965 : INFO : bullet.py : 25 :             __init__() ] Bullet instance
[2018-04-07 00:05:07,966 : DEBUG : game_functions.py : 34 : check_keydown_events() ] Shoot bullet
[2018-04-07 00:05:30,261 : DEBUG : game_functions.py : 43 : check_keydown_events() ] Move bottom
[2018-04-07 00:05:31,182 : INFO : bullet.py : 25 :             __init__() ] Bullet instance
[2018-04-07 00:05:31,183 : DEBUG : game_functions.py : 34 : check_keydown_events() ] Shoot bullet
[2018-04-07 00:05:31,390 : INFO : bullet.py : 25 :             __init__() ] Bullet instance
[2018-04-07 00:05:31,390 : DEBUG : game_functions.py : 34 : check_keydown_events() ] Shoot bullet
[2018-04-07 00:05:31,573 : INFO : bullet.py : 25 :             __init__() ] Bullet instance
[2018-04-07 00:05:31,574 : DEBUG : game_functions.py : 34 : check_keydown_events() ] Shoot bullet
[2018-04-07 00:05:31,774 : INFO : bullet.py : 25 :             __init__() ] Bullet instance
[2018-04-07 00:05:31,774 : DEBUG : game_functions.py : 34 : check_keydown_events() ] Shoot bullet
[2018-04-07 00:05:31,967 : INFO : bullet.py : 25 :             __init__() ] Bullet instance
[2018-04-07 00:05:31,967 : DEBUG : game_functions.py : 34 : check_keydown_events() ] Shoot bullet
[2018-04-07 00:05:32,157 : INFO : bullet.py : 25 :             __init__() ] Bullet instance
[2018-04-07 00:05:32,157 : DEBUG : game_functions.py : 34 : check_keydown_events() ] Shoot bullet
[2018-04-07 00:05:32,350 : DEBUG : game_functions.py : 36 : check_keydown_events() ] Only 5 shots for each session
[2018-04-07 00:05:32,534 : DEBUG : game_functions.py : 36 : check_keydown_events() ] Only 5 shots for each session
[2018-04-07 00:05:32,725 : DEBUG : game_functions.py : 36 : check_keydown_events() ] Only 5 shots for each session
[2018-04-07 00:05:32,934 : DEBUG : game_functions.py : 36 : check_keydown_events() ] Only 5 shots for each session
[2018-04-07 00:05:33,151 : INFO : bullet.py : 25 :             __init__() ] Bullet instance
[2018-04-07 00:05:33,151 : DEBUG : game_functions.py : 34 : check_keydown_events() ] Shoot bullet
[2018-04-07 00:05:33,374 : INFO : bullet.py : 25 :             __init__() ] Bullet instance
[2018-04-07 00:05:33,374 : DEBUG : game_functions.py : 34 : check_keydown_events() ] Shoot bullet
[2018-04-07 00:05:42,998 : INFO : bullet.py : 25 :             __init__() ] Bullet instance
[2018-04-07 00:05:42,998 : DEBUG : game_functions.py : 34 : check_keydown_events() ] Shoot bullet
[2018-04-07 00:05:43,237 : INFO : bullet.py : 25 :             __init__() ] Bullet instance
[2018-04-07 00:05:43,238 : DEBUG : game_functions.py : 34 : check_keydown_events() ] Shoot bullet
[2018-04-07 00:05:43,429 : INFO : bullet.py : 25 :             __init__() ] Bullet instance
[2018-04-07 00:05:43,430 : DEBUG : game_functions.py : 34 : check_keydown_events() ] Shoot bullet
[2018-04-07 00:05:43,630 : INFO : bullet.py : 25 :             __init__() ] Bullet instance
[2018-04-07 00:05:43,630 : DEBUG : game_functions.py : 34 : check_keydown_events() ] Shoot bullet
[2018-04-07 00:05:43,830 : INFO : bullet.py : 25 :             __init__() ] Bullet instance
[2018-04-07 00:05:43,830 : DEBUG : game_functions.py : 34 : check_keydown_events() ] Shoot bullet
[2018-04-07 00:05:44,046 : INFO : bullet.py : 25 :             __init__() ] Bullet instance
[2018-04-07 00:05:44,047 : DEBUG : game_functions.py : 34 : check_keydown_events() ] Shoot bullet
[2018-04-07 00:05:44,294 : DEBUG : game_functions.py : 36 : check_keydown_events() ] Only 5 shots for each session
[2018-04-07 00:05:44,542 : DEBUG : game_functions.py : 36 : check_keydown_events() ] Only 5 shots for each session
[2018-04-07 00:05:45,750 : INFO : bullet.py : 25 :             __init__() ] Bullet instance
[2018-04-07 00:05:45,750 : DEBUG : game_functions.py : 34 : check_keydown_events() ] Shoot bullet
[2018-04-07 00:05:45,965 : INFO : bullet.py : 25 :             __init__() ] Bullet instance
[2018-04-07 00:05:45,965 : DEBUG : game_functions.py : 34 : check_keydown_events() ] Shoot bullet
[2018-04-07 00:05:46,174 : INFO : bullet.py : 25 :             __init__() ] Bullet instance
[2018-04-07 00:05:46,174 : DEBUG : game_functions.py : 34 : check_keydown_events() ] Shoot bullet
[2018-04-07 00:05:46,398 : INFO : bullet.py : 25 :             __init__() ] Bullet instance
[2018-04-07 00:05:46,399 : DEBUG : game_functions.py : 34 : check_keydown_events() ] Shoot bullet
[2018-04-07 00:05:46,605 : INFO : bullet.py : 25 :             __init__() ] Bullet instance
[2018-04-07 00:05:46,606 : DEBUG : game_functions.py : 34 : check_keydown_events() ] Shoot bullet
[2018-04-07 00:05:46,806 : INFO : bullet.py : 25 :             __init__() ] Bullet instance
[2018-04-07 00:05:46,806 : DEBUG : game_functions.py : 34 : check_keydown_events() ] Shoot bullet
[2018-04-07 00:05:47,454 : DEBUG : game_functions.py : 36 : check_keydown_events() ] Only 5 shots for each session
[2018-04-07 00:05:52,900 : INFO : run.py : 41 :             <module>() ] Main started
[2018-04-07 00:05:53,478 : INFO : player.py : 32 :             __init__() ] Player instance
[2018-04-07 00:07:14,897 : INFO : run.py : 41 :             <module>() ] Main started
[2018-04-07 00:07:15,477 : INFO : player.py : 32 :             __init__() ] Player instance
[2018-04-07 00:07:30,555 : INFO : run.py : 41 :             <module>() ] Main started
[2018-04-07 00:07:31,188 : INFO : player.py : 32 :             __init__() ] Player instance
[2018-04-07 00:07:31,798 : INFO : bullet.py : 25 :             __init__() ] Bullet instance
[2018-04-07 00:07:31,798 : DEBUG : game_functions.py : 34 : check_keydown_events() ] Shoot bullet
[2018-04-07 00:07:32,078 : INFO : bullet.py : 25 :             __init__() ] Bullet instance
[2018-04-07 00:07:32,078 : DEBUG : game_functions.py : 34 : check_keydown_events() ] Shoot bullet
[2018-04-07 00:07:32,502 : DEBUG : game_functions.py : 28 : check_keydown_events() ] move left
[2018-04-07 00:07:32,734 : INFO : bullet.py : 25 :             __init__() ] Bullet instance
[2018-04-07 00:07:32,734 : DEBUG : game_functions.py : 34 : check_keydown_events() ] Shoot bullet
[2018-04-07 00:07:33,214 : INFO : bullet.py : 25 :             __init__() ] Bullet instance
[2018-04-07 00:07:33,214 : DEBUG : game_functions.py : 34 : check_keydown_events() ] Shoot bullet
[2018-04-07 00:07:33,702 : DEBUG : game_functions.py : 25 : check_keydown_events() ] move right
[2018-04-07 00:07:33,822 : INFO : bullet.py : 25 :             __init__() ] Bullet instance
[2018-04-07 00:07:33,822 : DEBUG : game_functions.py : 34 : check_keydown_events() ] Shoot bullet
[2018-04-07 00:07:34,005 : INFO : bullet.py : 25 :             __init__() ] Bullet instance
[2018-04-07 00:07:34,006 : DEBUG : game_functions.py : 34 : check_keydown_events() ] Shoot bullet
[2018-04-07 00:07:34,006 : DEBUG : game_functions.py : 25 : check_keydown_events() ] move right
[2018-04-07 00:07:34,357 : DEBUG : game_functions.py : 25 : check_keydown_events() ] move right
[2018-04-07 00:07:34,398 : INFO : bullet.py : 25 :             __init__() ] Bullet instance
[2018-04-07 00:07:34,398 : DEBUG : game_functions.py : 34 : check_keydown_events() ] Shoot bullet
[2018-04-07 00:07:34,597 : INFO : bullet.py : 25 :             __init__() ] Bullet instance
[2018-04-07 00:07:34,598 : DEBUG : game_functions.py : 34 : check_keydown_events() ] Shoot bullet
[2018-04-07 00:07:34,630 : DEBUG : game_functions.py : 25 : check_keydown_events() ] move right
[2018-04-07 00:07:34,837 : INFO : bullet.py : 25 :             __init__() ] Bullet instance
[2018-04-07 00:07:34,838 : DEBUG : game_functions.py : 34 : check_keydown_events() ] Shoot bullet
[2018-04-07 00:07:34,893 : DEBUG : game_functions.py : 25 : check_keydown_events() ] move right
[2018-04-07 00:07:35,494 : DEBUG : game_functions.py : 40 : check_keydown_events() ] Move top
[2018-04-07 00:07:35,693 : DEBUG : game_functions.py : 40 : check_keydown_events() ] Move top
[2018-04-07 00:07:36,037 : DEBUG : game_functions.py : 28 : check_keydown_events() ] move left
[2018-04-07 00:07:36,238 : INFO : bullet.py : 25 :             __init__() ] Bullet instance
[2018-04-07 00:07:36,238 : DEBUG : game_functions.py : 34 : check_keydown_events() ] Shoot bullet
[2018-04-07 00:07:36,238 : DEBUG : game_functions.py : 28 : check_keydown_events() ] move left
[2018-04-07 00:07:36,438 : INFO : bullet.py : 25 :             __init__() ] Bullet instance
[2018-04-07 00:07:36,438 : DEBUG : game_functions.py : 34 : check_keydown_events() ] Shoot bullet
[2018-04-07 00:07:36,439 : DEBUG : game_functions.py : 28 : check_keydown_events() ] move left
[2018-04-07 00:07:36,670 : INFO : bullet.py : 25 :             __init__() ] Bullet instance
[2018-04-07 00:07:36,670 : DEBUG : game_functions.py : 34 : check_keydown_events() ] Shoot bullet
[2018-04-07 00:07:36,671 : DEBUG : game_functions.py : 28 : check_keydown_events() ] move left
[2018-04-07 00:07:36,901 : INFO : bullet.py : 25 :             __init__() ] Bullet instance
[2018-04-07 00:07:36,901 : DEBUG : game_functions.py : 34 : check_keydown_events() ] Shoot bullet
[2018-04-07 00:07:36,901 : DEBUG : game_functions.py : 28 : check_keydown_events() ] move left
[2018-04-07 00:08:01,151 : INFO : run.py : 41 :             <module>() ] Main started
[2018-04-07 00:08:01,778 : INFO : player.py : 32 :             __init__() ] Player instance
[2018-04-07 00:08:02,238 : INFO : bullet.py : 25 :             __init__() ] Bullet instance
[2018-04-07 00:08:02,238 : DEBUG : game_functions.py : 34 : check_keydown_events() ] Shoot bullet
[2018-04-07 00:08:02,429 : INFO : bullet.py : 25 :             __init__() ] Bullet instance
[2018-04-07 00:08:02,430 : DEBUG : game_functions.py : 34 : check_keydown_events() ] Shoot bullet
[2018-04-07 00:08:02,621 : INFO : bullet.py : 25 :             __init__() ] Bullet instance
[2018-04-07 00:08:02,622 : DEBUG : game_functions.py : 34 : check_keydown_events() ] Shoot bullet
[2018-04-07 00:08:02,902 : DEBUG : game_functions.py : 25 : check_keydown_events() ] move right
[2018-04-07 00:08:03,022 : INFO : bullet.py : 25 :             __init__() ] Bullet instance
[2018-04-07 00:08:03,022 : DEBUG : game_functions.py : 34 : check_keydown_events() ] Shoot bullet
[2018-04-07 00:09:27,421 : INFO : run.py : 41 :             <module>() ] Main started
[2018-04-07 00:09:28,009 : INFO : player.py : 32 :             __init__() ] Player instance
[2018-04-07 00:09:57,742 : INFO : run.py : 41 :             <module>() ] Main started
[2018-04-07 00:09:58,318 : INFO : player.py : 32 :             __init__() ] Player instance
[2018-04-07 00:09:58,894 : INFO : bullet.py : 25 :             __init__() ] Bullet instance
[2018-04-07 00:09:58,894 : DEBUG : game_functions.py : 34 : check_keydown_events() ] Shoot bullet
[2018-04-07 00:09:59,229 : INFO : bullet.py : 25 :             __init__() ] Bullet instance
[2018-04-07 00:09:59,229 : DEBUG : game_functions.py : 34 : check_keydown_events() ] Shoot bullet
[2018-04-07 00:09:59,461 : INFO : bullet.py : 25 :             __init__() ] Bullet instance
[2018-04-07 00:09:59,462 : DEBUG : game_functions.py : 34 : check_keydown_events() ] Shoot bullet
[2018-04-07 00:09:59,773 : DEBUG : game_functions.py : 28 : check_keydown_events() ] move left
[2018-04-07 00:09:59,894 : DEBUG : game_functions.py : 51 :   check_keyup_events() ] stop left
[2018-04-07 00:10:01,166 : DEBUG : game_functions.py : 28 : check_keydown_events() ] move left
[2018-04-07 00:10:01,237 : DEBUG : game_functions.py : 51 :   check_keyup_events() ] stop left
[2018-04-07 00:10:01,365 : DEBUG : game_functions.py : 28 : check_keydown_events() ] move left
[2018-04-07 00:10:01,422 : DEBUG : game_functions.py : 51 :   check_keyup_events() ] stop left
[2018-04-07 00:10:01,517 : DEBUG : game_functions.py : 28 : check_keydown_events() ] move left
[2018-04-07 00:10:01,621 : DEBUG : game_functions.py : 51 :   check_keyup_events() ] stop left
[2018-04-07 00:10:01,789 : DEBUG : game_functions.py : 25 : check_keydown_events() ] move right
[2018-04-07 00:10:01,893 : DEBUG : game_functions.py : 48 :   check_keyup_events() ] stop right
[2018-04-07 00:10:02,046 : DEBUG : game_functions.py : 25 : check_keydown_events() ] move right
[2018-04-07 00:10:02,125 : DEBUG : game_functions.py : 48 :   check_keyup_events() ] stop right
[2018-04-07 00:10:02,150 : DEBUG : game_functions.py : 25 : check_keydown_events() ] move right
[2018-04-07 00:10:02,237 : DEBUG : game_functions.py : 48 :   check_keyup_events() ] stop right
[2018-04-07 00:10:02,462 : INFO : bullet.py : 25 :             __init__() ] Bullet instance
[2018-04-07 00:10:02,462 : DEBUG : game_functions.py : 34 : check_keydown_events() ] Shoot bullet
[2018-04-07 00:10:02,670 : INFO : bullet.py : 25 :             __init__() ] Bullet instance
[2018-04-07 00:10:02,670 : DEBUG : game_functions.py : 34 : check_keydown_events() ] Shoot bullet
[2018-04-07 00:10:03,013 : DEBUG : game_functions.py : 25 : check_keydown_events() ] move right
[2018-04-07 00:10:03,142 : DEBUG : game_functions.py : 48 :   check_keyup_events() ] stop right
[2018-04-07 00:10:03,221 : INFO : bullet.py : 25 :             __init__() ] Bullet instance
[2018-04-07 00:10:03,221 : DEBUG : game_functions.py : 34 : check_keydown_events() ] Shoot bullet
[2018-04-07 00:10:03,438 : INFO : bullet.py : 25 :             __init__() ] Bullet instance
[2018-04-07 00:10:03,438 : DEBUG : game_functions.py : 34 : check_keydown_events() ] Shoot bullet
[2018-04-07 00:10:07,573 : DEBUG : game_functions.py : 28 : check_keydown_events() ] move left
[2018-04-07 00:10:07,686 : DEBUG : game_functions.py : 51 :   check_keyup_events() ] stop left
[2018-04-07 00:10:07,773 : INFO : bullet.py : 25 :             __init__() ] Bullet instance
[2018-04-07 00:10:07,773 : DEBUG : game_functions.py : 34 : check_keydown_events() ] Shoot bullet
[2018-04-07 00:10:07,989 : INFO : bullet.py : 25 :             __init__() ] Bullet instance
[2018-04-07 00:10:07,990 : DEBUG : game_functions.py : 34 : check_keydown_events() ] Shoot bullet
[2018-04-07 00:10:08,573 : INFO : bullet.py : 25 :             __init__() ] Bullet instance
[2018-04-07 00:10:08,573 : DEBUG : game_functions.py : 34 : check_keydown_events() ] Shoot bullet
[2018-04-07 00:10:08,790 : INFO : bullet.py : 25 :             __init__() ] Bullet instance
[2018-04-07 00:10:08,790 : DEBUG : game_functions.py : 34 : check_keydown_events() ] Shoot bullet
[2018-04-07 00:10:09,694 : DEBUG : game_functions.py : 40 : check_keydown_events() ] Move top
[2018-04-07 00:10:09,821 : DEBUG : game_functions.py : 54 :   check_keyup_events() ] stop top
[2018-04-07 00:10:11,149 : DEBUG : game_functions.py : 40 : check_keydown_events() ] Move top
[2018-04-07 00:10:11,221 : DEBUG : game_functions.py : 54 :   check_keyup_events() ] stop top
[2018-04-07 00:10:11,357 : DEBUG : game_functions.py : 40 : check_keydown_events() ] Move top
[2018-04-07 00:10:11,429 : DEBUG : game_functions.py : 54 :   check_keyup_events() ] stop top
[2018-04-07 00:10:12,549 : DEBUG : game_functions.py : 43 : check_keydown_events() ] Move bottom
[2018-04-07 00:10:12,646 : DEBUG : game_functions.py : 57 :   check_keyup_events() ] stop bottom
[2018-04-07 00:10:12,805 : DEBUG : game_functions.py : 43 : check_keydown_events() ] Move bottom
[2018-04-07 00:10:12,893 : DEBUG : game_functions.py : 57 :   check_keyup_events() ] stop bottom
[2018-04-07 00:10:13,541 : DEBUG : game_functions.py : 28 : check_keydown_events() ] move left
[2018-04-07 00:10:13,638 : DEBUG : game_functions.py : 51 :   check_keyup_events() ] stop left
[2018-04-07 00:10:13,734 : DEBUG : game_functions.py : 28 : check_keydown_events() ] move left
[2018-04-07 00:10:13,806 : DEBUG : game_functions.py : 51 :   check_keyup_events() ] stop left
[2018-04-07 00:10:13,902 : DEBUG : game_functions.py : 28 : check_keydown_events() ] move left
[2018-04-07 00:10:13,998 : DEBUG : game_functions.py : 51 :   check_keyup_events() ] stop left
[2018-04-07 00:10:14,110 : DEBUG : game_functions.py : 25 : check_keydown_events() ] move right
[2018-04-07 00:10:14,229 : DEBUG : game_functions.py : 48 :   check_keyup_events() ] stop right
[2018-04-07 00:10:14,335 : DEBUG : game_functions.py : 25 : check_keydown_events() ] move right
[2018-04-07 00:10:14,421 : DEBUG : game_functions.py : 48 :   check_keyup_events() ] stop right
[2018-04-07 00:10:14,517 : DEBUG : game_functions.py : 25 : check_keydown_events() ] move right
[2018-04-07 00:10:14,605 : DEBUG : game_functions.py : 48 :   check_keyup_events() ] stop right
[2018-04-07 00:10:14,685 : DEBUG : game_functions.py : 43 : check_keydown_events() ] Move bottom
[2018-04-07 00:10:14,797 : DEBUG : game_functions.py : 57 :   check_keyup_events() ] stop bottom
[2018-04-07 00:10:14,878 : DEBUG : game_functions.py : 43 : check_keydown_events() ] Move bottom
[2018-04-07 00:10:14,966 : DEBUG : game_functions.py : 57 :   check_keyup_events() ] stop bottom
[2018-04-07 00:10:15,029 : DEBUG : game_functions.py : 43 : check_keydown_events() ] Move bottom
[2018-04-07 00:10:15,141 : DEBUG : game_functions.py : 57 :   check_keyup_events() ] stop bottom
[2018-04-07 00:10:15,181 : INFO : bullet.py : 25 :             __init__() ] Bullet instance
[2018-04-07 00:10:15,181 : DEBUG : game_functions.py : 34 : check_keydown_events() ] Shoot bullet
[2018-04-07 00:10:15,381 : INFO : bullet.py : 25 :             __init__() ] Bullet instance
[2018-04-07 00:10:15,381 : DEBUG : game_functions.py : 34 : check_keydown_events() ] Shoot bullet
[2018-04-07 00:10:15,550 : INFO : bullet.py : 25 :             __init__() ] Bullet instance
[2018-04-07 00:10:15,550 : DEBUG : game_functions.py : 34 : check_keydown_events() ] Shoot bullet
[2018-04-07 00:10:15,637 : DEBUG : game_functions.py : 28 : check_keydown_events() ] move left
[2018-04-07 00:10:15,702 : DEBUG : game_functions.py : 51 :   check_keyup_events() ] stop left
[2018-04-07 00:10:15,797 : INFO : bullet.py : 25 :             __init__() ] Bullet instance
[2018-04-07 00:10:15,797 : DEBUG : game_functions.py : 34 : check_keydown_events() ] Shoot bullet
[2018-04-07 00:10:15,813 : DEBUG : game_functions.py : 28 : check_keydown_events() ] move left
[2018-04-07 00:10:15,877 : DEBUG : game_functions.py : 51 :   check_keyup_events() ] stop left
[2018-04-07 00:10:15,981 : DEBUG : game_functions.py : 28 : check_keydown_events() ] move left
[2018-04-07 00:10:16,006 : INFO : bullet.py : 25 :             __init__() ] Bullet instance
[2018-04-07 00:10:16,006 : DEBUG : game_functions.py : 34 : check_keydown_events() ] Shoot bullet
[2018-04-07 00:10:16,053 : DEBUG : game_functions.py : 51 :   check_keyup_events() ] stop left
[2018-04-07 00:10:16,133 : DEBUG : game_functions.py : 28 : check_keydown_events() ] move left
[2018-04-07 00:10:16,293 : DEBUG : game_functions.py : 51 :   check_keyup_events() ] stop left
[2018-04-07 00:10:20,453 : INFO : run.py : 41 :             <module>() ] Main started
[2018-04-07 00:10:21,030 : INFO : player.py : 32 :             __init__() ] Player instance
[2018-04-07 00:10:21,598 : INFO : bullet.py : 25 :             __init__() ] Bullet instance
[2018-04-07 00:10:21,598 : DEBUG : game_functions.py : 34 : check_keydown_events() ] Shoot bullet
[2018-04-07 00:10:21,806 : INFO : bullet.py : 25 :             __init__() ] Bullet instance
[2018-04-07 00:10:21,806 : DEBUG : game_functions.py : 34 : check_keydown_events() ] Shoot bullet
[2018-04-07 00:10:22,030 : INFO : bullet.py : 25 :             __init__() ] Bullet instance
[2018-04-07 00:10:22,030 : DEBUG : game_functions.py : 34 : check_keydown_events() ] Shoot bullet
[2018-04-07 00:10:22,213 : DEBUG : game_functions.py : 28 : check_keydown_events() ] move left
[2018-04-07 00:10:22,293 : DEBUG : game_functions.py : 51 :   check_keyup_events() ] stop left
[2018-04-07 00:10:22,407 : INFO : bullet.py : 25 :             __init__() ] Bullet instance
[2018-04-07 00:10:22,407 : DEBUG : game_functions.py : 34 : check_keydown_events() ] Shoot bullet
[2018-04-07 00:10:22,407 : DEBUG : game_functions.py : 28 : check_keydown_events() ] move left
[2018-04-07 00:10:22,485 : DEBUG : game_functions.py : 51 :   check_keyup_events() ] stop left
[2018-04-07 00:10:22,581 : DEBUG : game_functions.py : 28 : check_keydown_events() ] move left
[2018-04-07 00:10:22,605 : INFO : bullet.py : 25 :             __init__() ] Bullet instance
[2018-04-07 00:10:22,605 : DEBUG : game_functions.py : 34 : check_keydown_events() ] Shoot bullet
[2018-04-07 00:10:22,702 : DEBUG : game_functions.py : 51 :   check_keyup_events() ] stop left
[2018-04-07 00:10:22,861 : DEBUG : game_functions.py : 43 : check_keydown_events() ] Move bottom
[2018-04-07 00:10:22,997 : DEBUG : game_functions.py : 57 :   check_keyup_events() ] stop bottom
[2018-04-07 00:10:22,998 : INFO : bullet.py : 25 :             __init__() ] Bullet instance
[2018-04-07 00:10:22,998 : DEBUG : game_functions.py : 34 : check_keydown_events() ] Shoot bullet
[2018-04-07 00:10:23,125 : DEBUG : game_functions.py : 43 : check_keydown_events() ] Move bottom
[2018-04-07 00:10:23,198 : INFO : bullet.py : 25 :             __init__() ] Bullet instance
[2018-04-07 00:10:23,198 : DEBUG : game_functions.py : 34 : check_keydown_events() ] Shoot bullet
[2018-04-07 00:10:23,245 : DEBUG : game_functions.py : 57 :   check_keyup_events() ] stop bottom
[2018-04-07 00:10:23,327 : DEBUG : game_functions.py : 43 : check_keydown_events() ] Move bottom
[2018-04-07 00:10:23,366 : INFO : bullet.py : 25 :             __init__() ] Bullet instance
[2018-04-07 00:10:23,366 : DEBUG : game_functions.py : 34 : check_keydown_events() ] Shoot bullet
[2018-04-07 00:10:23,421 : DEBUG : game_functions.py : 57 :   check_keyup_events() ] stop bottom
[2018-04-07 00:10:23,525 : INFO : bullet.py : 25 :             __init__() ] Bullet instance
[2018-04-07 00:10:23,526 : DEBUG : game_functions.py : 34 : check_keydown_events() ] Shoot bullet
[2018-04-07 00:10:23,549 : DEBUG : game_functions.py : 25 : check_keydown_events() ] move right
[2018-04-07 00:10:23,654 : DEBUG : game_functions.py : 48 :   check_keyup_events() ] stop right
[2018-04-07 00:10:23,765 : INFO : bullet.py : 25 :             __init__() ] Bullet instance
[2018-04-07 00:10:23,765 : DEBUG : game_functions.py : 34 : check_keydown_events() ] Shoot bullet
[2018-04-07 00:10:23,765 : DEBUG : game_functions.py : 25 : check_keydown_events() ] move right
[2018-04-07 00:10:23,821 : DEBUG : game_functions.py : 48 :   check_keyup_events() ] stop right
[2018-04-07 00:10:23,942 : DEBUG : game_functions.py : 25 : check_keydown_events() ] move right
[2018-04-07 00:10:23,975 : DEBUG : game_functions.py : 36 : check_keydown_events() ] Only 5 shots for each session
[2018-04-07 00:10:24,014 : DEBUG : game_functions.py : 48 :   check_keyup_events() ] stop right
[2018-04-07 00:10:24,126 : DEBUG : game_functions.py : 25 : check_keydown_events() ] move right
[2018-04-07 00:10:24,158 : DEBUG : game_functions.py : 36 : check_keydown_events() ] Only 5 shots for each session
[2018-04-07 00:10:24,222 : DEBUG : game_functions.py : 48 :   check_keyup_events() ] stop right
[2018-04-07 00:10:24,325 : DEBUG : game_functions.py : 25 : check_keydown_events() ] move right
[2018-04-07 00:10:24,357 : INFO : bullet.py : 25 :             __init__() ] Bullet instance
[2018-04-07 00:10:24,357 : DEBUG : game_functions.py : 34 : check_keydown_events() ] Shoot bullet
[2018-04-07 00:10:24,453 : DEBUG : game_functions.py : 48 :   check_keyup_events() ] stop right
[2018-04-07 00:10:24,590 : DEBUG : game_functions.py : 40 : check_keydown_events() ] Move top
[2018-04-07 00:10:24,638 : INFO : bullet.py : 25 :             __init__() ] Bullet instance
[2018-04-07 00:10:24,638 : DEBUG : game_functions.py : 34 : check_keydown_events() ] Shoot bullet
[2018-04-07 00:10:24,685 : DEBUG : game_functions.py : 54 :   check_keyup_events() ] stop top
[2018-04-07 00:10:24,822 : DEBUG : game_functions.py : 40 : check_keydown_events() ] Move top
[2018-04-07 00:10:24,837 : DEBUG : game_functions.py : 36 : check_keydown_events() ] Only 5 shots for each session
[2018-04-07 00:10:24,885 : DEBUG : game_functions.py : 54 :   check_keyup_events() ] stop top
[2018-04-07 00:10:25,005 : DEBUG : game_functions.py : 40 : check_keydown_events() ] Move top
[2018-04-07 00:10:25,021 : INFO : bullet.py : 25 :             __init__() ] Bullet instance
[2018-04-07 00:10:25,022 : DEBUG : game_functions.py : 34 : check_keydown_events() ] Shoot bullet
[2018-04-07 00:10:25,077 : DEBUG : game_functions.py : 54 :   check_keyup_events() ] stop top
[2018-04-07 00:10:25,229 : DEBUG : game_functions.py : 40 : check_keydown_events() ] Move top
[2018-04-07 00:10:25,277 : INFO : bullet.py : 25 :             __init__() ] Bullet instance
[2018-04-07 00:10:25,277 : DEBUG : game_functions.py : 34 : check_keydown_events() ] Shoot bullet
[2018-04-07 00:10:25,301 : DEBUG : game_functions.py : 54 :   check_keyup_events() ] stop top
[2018-04-07 00:10:26,342 : DEBUG : game_functions.py : 43 : check_keydown_events() ] Move bottom
[2018-04-07 00:10:26,421 : DEBUG : game_functions.py : 57 :   check_keyup_events() ] stop bottom
[2018-04-07 00:10:26,518 : DEBUG : game_functions.py : 43 : check_keydown_events() ] Move bottom
[2018-04-07 00:10:26,573 : INFO : bullet.py : 25 :             __init__() ] Bullet instance
[2018-04-07 00:10:26,573 : DEBUG : game_functions.py : 34 : check_keydown_events() ] Shoot bullet
[2018-04-07 00:10:26,661 : DEBUG : game_functions.py : 57 :   check_keyup_events() ] stop bottom
[2018-04-07 00:10:26,765 : DEBUG : game_functions.py : 43 : check_keydown_events() ] Move bottom
[2018-04-07 00:10:26,822 : INFO : bullet.py : 25 :             __init__() ] Bullet instance
[2018-04-07 00:10:26,822 : DEBUG : game_functions.py : 34 : check_keydown_events() ] Shoot bullet
[2018-04-07 00:10:26,853 : DEBUG : game_functions.py : 57 :   check_keyup_events() ] stop bottom
[2018-04-07 00:10:27,029 : DEBUG : game_functions.py : 28 : check_keydown_events() ] move left
[2018-04-07 00:10:27,125 : DEBUG : game_functions.py : 51 :   check_keyup_events() ] stop left
[2018-04-07 00:10:27,150 : INFO : bullet.py : 25 :             __init__() ] Bullet instance
[2018-04-07 00:10:27,150 : DEBUG : game_functions.py : 34 : check_keydown_events() ] Shoot bullet
[2018-04-07 00:10:27,245 : DEBUG : game_functions.py : 28 : check_keydown_events() ] move left
[2018-04-07 00:10:27,310 : DEBUG : game_functions.py : 51 :   check_keyup_events() ] stop left
[2018-04-07 00:10:27,374 : INFO : bullet.py : 25 :             __init__() ] Bullet instance
[2018-04-07 00:10:27,374 : DEBUG : game_functions.py : 34 : check_keydown_events() ] Shoot bullet
[2018-04-07 00:10:27,438 : DEBUG : game_functions.py : 28 : check_keydown_events() ] move left
[2018-04-07 00:10:27,510 : DEBUG : game_functions.py : 51 :   check_keyup_events() ] stop left
[2018-04-07 00:10:27,621 : INFO : bullet.py : 25 :             __init__() ] Bullet instance
[2018-04-07 00:10:27,622 : DEBUG : game_functions.py : 34 : check_keydown_events() ] Shoot bullet
[2018-04-07 00:10:27,622 : DEBUG : game_functions.py : 28 : check_keydown_events() ] move left
[2018-04-07 00:10:27,709 : DEBUG : game_functions.py : 51 :   check_keyup_events() ] stop left
[2018-04-07 00:10:27,845 : DEBUG : game_functions.py : 36 : check_keydown_events() ] Only 5 shots for each session
[2018-04-07 00:11:12,403 : INFO : run.py : 41 :             <module>() ] Main started
[2018-04-07 00:11:13,004 : INFO : player.py : 32 :             __init__() ] Player instance
[2018-04-07 00:11:33,969 : INFO : run.py : 41 :             <module>() ] Main started
[2018-04-07 00:11:34,566 : INFO : player.py : 32 :             __init__() ] Player instance
[2018-04-07 00:11:52,435 : INFO : run.py : 41 :             <module>() ] Main started
[2018-04-07 00:11:53,070 : INFO : player.py : 32 :             __init__() ] Player instance
[2018-04-07 00:11:54,773 : INFO : bullet.py : 25 :             __init__() ] Bullet instance
[2018-04-07 00:11:54,773 : DEBUG : game_functions.py : 34 : check_keydown_events() ] Shoot bullet
[2018-04-07 00:11:54,957 : INFO : bullet.py : 25 :             __init__() ] Bullet instance
[2018-04-07 00:11:54,957 : DEBUG : game_functions.py : 34 : check_keydown_events() ] Shoot bullet
[2018-04-07 00:11:55,149 : INFO : bullet.py : 25 :             __init__() ] Bullet instance
[2018-04-07 00:11:55,149 : DEBUG : game_functions.py : 34 : check_keydown_events() ] Shoot bullet
[2018-04-07 00:11:58,973 : INFO : bullet.py : 25 :             __init__() ] Bullet instance
[2018-04-07 00:11:58,973 : DEBUG : game_functions.py : 34 : check_keydown_events() ] Shoot bullet
[2018-04-07 00:11:59,309 : INFO : bullet.py : 25 :             __init__() ] Bullet instance
[2018-04-07 00:11:59,309 : DEBUG : game_functions.py : 34 : check_keydown_events() ] Shoot bullet
[2018-04-07 00:11:59,566 : DEBUG : game_functions.py : 28 : check_keydown_events() ] move left
[2018-04-07 00:11:59,645 : DEBUG : game_functions.py : 51 :   check_keyup_events() ] stop left
[2018-04-07 00:11:59,854 : INFO : bullet.py : 25 :             __init__() ] Bullet instance
[2018-04-07 00:11:59,854 : DEBUG : game_functions.py : 34 : check_keydown_events() ] Shoot bullet
[2018-04-07 00:11:59,917 : DEBUG : game_functions.py : 28 : check_keydown_events() ] move left
[2018-04-07 00:12:00,013 : DEBUG : game_functions.py : 51 :   check_keyup_events() ] stop left
[2018-04-07 00:12:00,094 : INFO : bullet.py : 25 :             __init__() ] Bullet instance
[2018-04-07 00:12:00,094 : DEBUG : game_functions.py : 34 : check_keydown_events() ] Shoot bullet
[2018-04-07 00:12:00,109 : DEBUG : game_functions.py : 28 : check_keydown_events() ] move left
[2018-04-07 00:12:00,189 : DEBUG : game_functions.py : 51 :   check_keyup_events() ] stop left
[2018-04-07 00:12:00,413 : DEBUG : game_functions.py : 25 : check_keydown_events() ] move right
[2018-04-07 00:12:00,501 : INFO : bullet.py : 25 :             __init__() ] Bullet instance
[2018-04-07 00:12:00,501 : DEBUG : game_functions.py : 34 : check_keydown_events() ] Shoot bullet
[2018-04-07 00:12:00,541 : DEBUG : game_functions.py : 48 :   check_keyup_events() ] stop right
[2018-04-07 00:12:00,685 : INFO : bullet.py : 25 :             __init__() ] Bullet instance
[2018-04-07 00:12:00,685 : DEBUG : game_functions.py : 34 : check_keydown_events() ] Shoot bullet
[2018-04-07 00:12:00,733 : DEBUG : game_functions.py : 25 : check_keydown_events() ] move right
[2018-04-07 00:12:00,838 : DEBUG : game_functions.py : 48 :   check_keyup_events() ] stop right
[2018-04-07 00:12:00,878 : INFO : bullet.py : 25 :             __init__() ] Bullet instance
[2018-04-07 00:12:00,878 : DEBUG : game_functions.py : 34 : check_keydown_events() ] Shoot bullet
[2018-04-07 00:12:00,878 : DEBUG : game_functions.py : 25 : check_keydown_events() ] move right
[2018-04-07 00:12:00,973 : DEBUG : game_functions.py : 48 :   check_keyup_events() ] stop right
[2018-04-07 00:12:01,062 : DEBUG : game_functions.py : 25 : check_keydown_events() ] move right
[2018-04-07 00:12:01,077 : INFO : bullet.py : 25 :             __init__() ] Bullet instance
[2018-04-07 00:12:01,078 : DEBUG : game_functions.py : 34 : check_keydown_events() ] Shoot bullet
[2018-04-07 00:12:01,118 : DEBUG : game_functions.py : 48 :   check_keyup_events() ] stop right
[2018-04-07 00:12:01,301 : DEBUG : game_functions.py : 40 : check_keydown_events() ] Move top
[2018-04-07 00:12:01,389 : DEBUG : game_functions.py : 54 :   check_keyup_events() ] stop top
[2018-04-07 00:12:01,493 : INFO : bullet.py : 25 :             __init__() ] Bullet instance
[2018-04-07 00:12:01,494 : DEBUG : game_functions.py : 34 : check_keydown_events() ] Shoot bullet
[2018-04-07 00:12:01,494 : DEBUG : game_functions.py : 40 : check_keydown_events() ] Move top
[2018-04-07 00:12:01,565 : DEBUG : game_functions.py : 54 :   check_keyup_events() ] stop top
[2018-04-07 00:12:01,669 : DEBUG : game_functions.py : 40 : check_keydown_events() ] Move top
[2018-04-07 00:12:01,749 : DEBUG : game_functions.py : 54 :   check_keyup_events() ] stop top
[2018-04-07 00:12:01,829 : DEBUG : game_functions.py : 40 : check_keydown_events() ] Move top
[2018-04-07 00:12:01,917 : DEBUG : game_functions.py : 54 :   check_keyup_events() ] stop top
[2018-04-07 00:12:02,069 : DEBUG : game_functions.py : 43 : check_keydown_events() ] Move bottom
[2018-04-07 00:12:02,142 : DEBUG : game_functions.py : 57 :   check_keyup_events() ] stop bottom
[2018-04-07 00:12:02,253 : DEBUG : game_functions.py : 43 : check_keydown_events() ] Move bottom
[2018-04-07 00:12:02,309 : DEBUG : game_functions.py : 57 :   check_keyup_events() ] stop bottom
[2018-04-07 00:12:02,413 : DEBUG : game_functions.py : 43 : check_keydown_events() ] Move bottom
[2018-04-07 00:12:02,493 : DEBUG : game_functions.py : 57 :   check_keyup_events() ] stop bottom
[2018-04-07 00:12:02,582 : DEBUG : game_functions.py : 43 : check_keydown_events() ] Move bottom
[2018-04-07 00:12:02,669 : DEBUG : game_functions.py : 57 :   check_keyup_events() ] stop bottom
[2018-04-07 00:12:02,758 : DEBUG : game_functions.py : 43 : check_keydown_events() ] Move bottom
[2018-04-07 00:12:02,845 : DEBUG : game_functions.py : 57 :   check_keyup_events() ] stop bottom
[2018-04-07 00:12:02,934 : DEBUG : game_functions.py : 43 : check_keydown_events() ] Move bottom
[2018-04-07 00:12:03,005 : DEBUG : game_functions.py : 57 :   check_keyup_events() ] stop bottom
[2018-04-07 00:12:03,117 : DEBUG : game_functions.py : 28 : check_keydown_events() ] move left
[2018-04-07 00:12:03,222 : DEBUG : game_functions.py : 51 :   check_keyup_events() ] stop left
[2018-04-07 00:12:03,222 : INFO : bullet.py : 25 :             __init__() ] Bullet instance
[2018-04-07 00:12:03,222 : DEBUG : game_functions.py : 34 : check_keydown_events() ] Shoot bullet
[2018-04-07 00:12:03,342 : DEBUG : game_functions.py : 28 : check_keydown_events() ] move left
[2018-04-07 00:12:03,374 : INFO : bullet.py : 25 :             __init__() ] Bullet instance
[2018-04-07 00:12:03,374 : DEBUG : game_functions.py : 34 : check_keydown_events() ] Shoot bullet
[2018-04-07 00:12:03,429 : DEBUG : game_functions.py : 51 :   check_keyup_events() ] stop left
[2018-04-07 00:12:03,517 : INFO : bullet.py : 25 :             __init__() ] Bullet instance
[2018-04-07 00:12:03,517 : DEBUG : game_functions.py : 34 : check_keydown_events() ] Shoot bullet
[2018-04-07 00:12:03,533 : DEBUG : game_functions.py : 28 : check_keydown_events() ] move left
[2018-04-07 00:12:03,589 : DEBUG : game_functions.py : 51 :   check_keyup_events() ] stop left
[2018-04-07 00:12:03,717 : INFO : bullet.py : 25 :             __init__() ] Bullet instance
[2018-04-07 00:12:03,717 : DEBUG : game_functions.py : 34 : check_keydown_events() ] Shoot bullet
[2018-04-07 00:12:03,718 : DEBUG : game_functions.py : 28 : check_keydown_events() ] move left
[2018-04-07 00:12:03,790 : DEBUG : game_functions.py : 51 :   check_keyup_events() ] stop left
[2018-04-07 00:12:03,884 : DEBUG : game_functions.py : 28 : check_keydown_events() ] move left
[2018-04-07 00:12:03,910 : INFO : bullet.py : 25 :             __init__() ] Bullet instance
[2018-04-07 00:12:03,910 : DEBUG : game_functions.py : 34 : check_keydown_events() ] Shoot bullet
[2018-04-07 00:12:03,990 : DEBUG : game_functions.py : 51 :   check_keyup_events() ] stop left
[2018-04-07 00:12:04,197 : DEBUG : game_functions.py : 43 : check_keydown_events() ] Move bottom
[2018-04-07 00:12:04,285 : DEBUG : game_functions.py : 57 :   check_keyup_events() ] stop bottom
[2018-04-07 00:12:04,365 : DEBUG : game_functions.py : 43 : check_keydown_events() ] Move bottom
[2018-04-07 00:12:04,405 : DEBUG : game_functions.py : 36 : check_keydown_events() ] Only 5 shots for each session
[2018-04-07 00:12:04,453 : DEBUG : game_functions.py : 57 :   check_keyup_events() ] stop bottom
[2018-04-07 00:12:04,598 : INFO : bullet.py : 25 :             __init__() ] Bullet instance
[2018-04-07 00:12:04,598 : DEBUG : game_functions.py : 34 : check_keydown_events() ] Shoot bullet
[2018-04-07 00:12:04,629 : DEBUG : game_functions.py : 25 : check_keydown_events() ] move right
[2018-04-07 00:12:04,757 : DEBUG : game_functions.py : 48 :   check_keyup_events() ] stop right
[2018-04-07 00:12:04,821 : INFO : bullet.py : 25 :             __init__() ] Bullet instance
[2018-04-07 00:12:04,821 : DEBUG : game_functions.py : 34 : check_keydown_events() ] Shoot bullet
[2018-04-07 00:12:04,885 : DEBUG : game_functions.py : 25 : check_keydown_events() ] move right
[2018-04-07 00:12:04,942 : DEBUG : game_functions.py : 48 :   check_keyup_events() ] stop right
[2018-04-07 00:12:05,054 : INFO : bullet.py : 25 :             __init__() ] Bullet instance
[2018-04-07 00:12:05,054 : DEBUG : game_functions.py : 34 : check_keydown_events() ] Shoot bullet
[2018-04-07 00:12:05,621 : DEBUG : game_functions.py : 25 : check_keydown_events() ] move right
[2018-04-07 00:12:05,726 : DEBUG : game_functions.py : 48 :   check_keyup_events() ] stop right
[2018-04-07 00:12:05,846 : DEBUG : game_functions.py : 25 : check_keydown_events() ] move right
[2018-04-07 00:12:05,957 : DEBUG : game_functions.py : 48 :   check_keyup_events() ] stop right
[2018-04-07 00:12:06,069 : DEBUG : game_functions.py : 25 : check_keydown_events() ] move right
[2018-04-07 00:12:06,174 : DEBUG : game_functions.py : 48 :   check_keyup_events() ] stop right
[2018-04-07 00:12:06,333 : DEBUG : game_functions.py : 25 : check_keydown_events() ] move right
[2018-04-07 00:12:06,438 : DEBUG : game_functions.py : 48 :   check_keyup_events() ] stop right
[2018-04-07 00:12:06,589 : DEBUG : game_functions.py : 25 : check_keydown_events() ] move right
[2018-04-07 00:12:06,726 : DEBUG : game_functions.py : 48 :   check_keyup_events() ] stop right
[2018-04-07 00:12:06,829 : DEBUG : game_functions.py : 40 : check_keydown_events() ] Move top
[2018-04-07 00:12:06,925 : DEBUG : game_functions.py : 54 :   check_keyup_events() ] stop top
[2018-04-07 00:12:07,046 : DEBUG : game_functions.py : 40 : check_keydown_events() ] Move top
[2018-04-07 00:12:07,101 : DEBUG : game_functions.py : 54 :   check_keyup_events() ] stop top
[2018-04-07 00:12:07,173 : DEBUG : game_functions.py : 40 : check_keydown_events() ] Move top
[2018-04-07 00:12:07,293 : DEBUG : game_functions.py : 54 :   check_keyup_events() ] stop top
[2018-04-07 00:12:07,373 : DEBUG : game_functions.py : 28 : check_keydown_events() ] move left
[2018-04-07 00:12:07,485 : DEBUG : game_functions.py : 51 :   check_keyup_events() ] stop left
[2018-04-07 00:12:07,573 : DEBUG : game_functions.py : 28 : check_keydown_events() ] move left
[2018-04-07 00:12:07,653 : DEBUG : game_functions.py : 51 :   check_keyup_events() ] stop left
[2018-04-07 00:12:07,749 : DEBUG : game_functions.py : 28 : check_keydown_events() ] move left
[2018-04-07 00:12:07,830 : DEBUG : game_functions.py : 51 :   check_keyup_events() ] stop left
